<?xml version="1.0" encoding="UTF-8"?>
<Site BuildName="(empty)"
	BuildStamp="20220624-0023-Experimental"
	Name="(empty)"
	Generator="ctest-3.23.2"
	CompilerName=""
	CompilerVersion=""
	OSName="Linux"
	Hostname="dolboeb"
	OSRelease="5.15.0-39-generic"
	OSVersion="#42-Ubuntu SMP Thu Jun 9 23:42:32 UTC 2022"
	OSPlatform="x86_64"
	Is64Bits="1"
	VendorString="GenuineIntel"
	VendorID="Intel Corporation"
	FamilyID="6"
	ModelID="141"
	ProcessorCacheSize="12288"
	NumberOfLogicalCPU="12"
	NumberOfPhysicalCPU="6"
	TotalVirtualMemory="8095"
	TotalPhysicalMemory="15741"
	LogicalProcessorsPerPhysical="2"
	ProcessorClockFrequency="3727.51"
	>
	<Testing>
		<StartDateTime>Jun 24 17:50 +10</StartDateTime>
		<StartTestTime>1656057022</StartTestTime>
		<TestList>
			<Test>./test</Test>
		</TestList>
		<Test Status="passed">
			<Name>test</Name>
			<Path>.</Path>
			<FullName>./test</FullName>
			<FullCommandLine>/home/unn4m3d/Projects/qtelepathy/build/test1</FullCommandLine>
			<Results>
				<NamedMeasurement type="numeric/double" name="Execution Time">
					<Value>0.00689327</Value>
				</NamedMeasurement>
				<NamedMeasurement type="numeric/double" name="Processors">
					<Value>1</Value>
				</NamedMeasurement>
				<NamedMeasurement type="text/string" name="Completion Status">
					<Value>Completed</Value>
				</NamedMeasurement>
				<NamedMeasurement type="text/string" name="Command Line">
					<Value>/home/unn4m3d/Projects/qtelepathy/build/test1</Value>
				</NamedMeasurement>
				<NamedMeasurement type="text/string" name="Environment">
					<Value>#CTEST_RESOURCE_GROUP_COUNT=</Value>
				</NamedMeasurement>
				<Measurement>
					<Value encoding="base64" compression="gzip">eJx9kEtrg0AUhff+irNUMRKtkWBXZSChuxTTdRh1TC6ZjOKdgfrvO3mVLkrv6pzLx7mPOH4UaisnC6vYkjli6LH38n0n8CTiQAymp2OFT74iH/ZKQFMzyWnGKs1W6Uvi2w+J8GtdHspioclarQ7KdCTNQo9lAT7JSXUIu9nIC7URJqWVZIXGke5e0czYCoEsS/N0GSVwjTPWIfeuCHZvdQ2gem5YVWTotozwEWH0B9D6dOPGX8x+sFJzhRyjZFZdgiV6Sfqu+EzjeJeNlu1ZE9ubvXDw8w9s/Fw++Tv+/do3IsVqtA==</Value>
				</Measurement>
			</Results>
		</Test>
		<EndDateTime>Jun 24 17:50 +10</EndDateTime>
		<EndTestTime>1656057022</EndTestTime>
		<ElapsedMinutes>0</ElapsedMinutes>
	</Testing>
</Site>
